# JRE version: Java(TM) SE Runtime Environment (14.0.1+7) (build 14.0.1+7)
# Java VM: Java HotSpot(TM) 64-Bit Server VM (14.0.1+7, mixed mode, sharing, tiered, compressed oops, g1 gc, bsd-amd64)
Heap:
 garbage-first heap   total 50176K, used 31733K [0x0000000780000000, 0x0000000800000000)
  region size 1024K, 8 young (8192K), 2 survivors (2048K)
 Metaspace       used 24553K, capacity 25192K, committed 25340K, reserved 1071104K
  class space    used 2837K, capacity 3063K, committed 3068K, reserved 1048576K
GC Heap History (20 events):
Event: 1.833 GC heap before
{Heap before GC invocations=1 (full 0):
 garbage-first heap   total 133120K, used 19703K [0x0000000780000000, 0x0000000800000000)
  region size 1024K, 18 young (18432K), 2 survivors (2048K)
 Metaspace       used 5588K, capacity 8226K, committed 8448K, reserved 1056768K
  class space    used 673K, capacity 958K, committed 1024K, reserved 1048576K
}
Event: 1.840 GC heap after
{Heap after GC invocations=2 (full 0):
 garbage-first heap   total 133120K, used 4075K [0x0000000780000000, 0x0000000800000000)
  region size 1024K, 1 young (1024K), 1 survivors (1024K)
 Metaspace       used 5588K, capacity 8226K, committed 8448K, reserved 1056768K
  class space    used 673K, capacity 958K, committed 1024K, reserved 1048576K
}
Event: 4.830 GC heap before
{Heap before GC invocations=2 (full 0):
 garbage-first heap   total 133120K, used 80875K [0x0000000780000000, 0x0000000800000000)
  region size 1024K, 76 young (77824K), 1 survivors (1024K)
 Metaspace       used 13471K, capacity 15308K, committed 15744K, reserved 1062912K
  class space    used 1572K, capacity 1807K, committed 1920K, reserved 1048576K
}
Event: 4.851 GC heap after
{Heap after GC invocations=3 (full 0):
 garbage-first heap   total 133120K, used 8348K [0x0000000780000000, 0x0000000800000000)
  region size 1024K, 5 young (5120K), 5 survivors (5120K)
 Metaspace       used 13471K, capacity 15308K, committed 15744K, reserved 1062912K
  class space    used 1572K, capacity 1807K, committed 1920K, reserved 1048576K
}
Event: 5.969 GC heap before
{Heap before GC invocations=3 (full 0):
 garbage-first heap   total 133120K, used 80028K [0x0000000780000000, 0x0000000800000000)
  region size 1024K, 76 young (77824K), 5 survivors (5120K)
 Metaspace       used 16113K, capacity 17638K, committed 18048K, reserved 1064960K
  class space    used 1861K, capacity 2100K, committed 2176K, reserved 1048576K
}
Event: 5.985 GC heap after
{Heap after GC invocations=4 (full 0):
 garbage-first heap   total 133120K, used 10488K [0x0000000780000000, 0x0000000800000000)
  region size 1024K, 7 young (7168K), 7 survivors (7168K)
 Metaspace       used 16113K, capacity 17638K, committed 18048K, reserved 1064960K
  class space    used 1861K, capacity 2100K, committed 2176K, reserved 1048576K
}
Event: 6.291 GC heap before
{Heap before GC invocations=4 (full 0):
 garbage-first heap   total 133120K, used 20728K [0x0000000780000000, 0x0000000800000000)
  region size 1024K, 19 young (19456K), 7 survivors (7168K)
 Metaspace       used 19677K, capacity 21001K, committed 21248K, reserved 1069056K
  class space    used 2308K, capacity 2522K, committed 2560K, reserved 1048576K
}
Event: 6.308 GC heap after
{Heap after GC invocations=5 (full 0):
 garbage-first heap   total 159744K, used 11267K [0x0000000780000000, 0x0000000800000000)
  region size 1024K, 3 young (3072K), 3 survivors (3072K)
 Metaspace       used 19677K, capacity 21001K, committed 21248K, reserved 1069056K
  class space    used 2308K, capacity 2522K, committed 2560K, reserved 1048576K
}
Event: 7.555 GC heap before
{Heap before GC invocations=6 (full 0):
 garbage-first heap   total 48128K, used 35843K [0x0000000780000000, 0x0000000800000000)
  region size 1024K, 28 young (28672K), 3 survivors (3072K)
 Metaspace       used 22580K, capacity 23242K, committed 23548K, reserved 1071104K
  class space    used 2634K, capacity 2803K, committed 2812K, reserved 1048576K
}
Event: 7.579 GC heap after
{Heap after GC invocations=7 (full 0):
 garbage-first heap   total 49152K, used 18435K [0x0000000780000000, 0x0000000800000000)
  region size 1024K, 4 young (4096K), 4 survivors (4096K)
 Metaspace       used 22580K, capacity 23242K, committed 23548K, reserved 1071104K
  class space    used 2634K, capacity 2803K, committed 2812K, reserved 1048576K
}
Event: 7.654 GC heap before
{Heap before GC invocations=7 (full 0):
 garbage-first heap   total 49152K, used 33795K [0x0000000780000000, 0x0000000800000000)
  region size 1024K, 20 young (20480K), 4 survivors (4096K)
 Metaspace       used 22587K, capacity 23244K, committed 23548K, reserved 1071104K
  class space    used 2634K, capacity 2805K, committed 2812K, reserved 1048576K
}
Event: 7.662 GC heap after
{Heap after GC invocations=8 (full 0):
 garbage-first heap   total 49152K, used 19709K [0x0000000780000000, 0x0000000800000000)
  region size 1024K, 1 young (1024K), 1 survivors (1024K)
 Metaspace       used 22587K, capacity 23244K, committed 23548K, reserved 1071104K
  class space    used 2634K, capacity 2805K, committed 2812K, reserved 1048576K
}
Event: 7.711 GC heap before
{Heap before GC invocations=8 (full 0):
 garbage-first heap   total 49152K, used 34045K [0x0000000780000000, 0x0000000800000000)
  region size 1024K, 16 young (16384K), 1 survivors (1024K)
 Metaspace       used 22587K, capacity 23244K, committed 23548K, reserved 1071104K
  class space    used 2634K, capacity 2805K, committed 2812K, reserved 1048576K
}
Event: 7.714 GC heap after
{Heap after GC invocations=9 (full 0):
 garbage-first heap   total 49152K, used 20733K [0x0000000780000000, 0x0000000800000000)
  region size 1024K, 2 young (2048K), 2 survivors (2048K)
 Metaspace       used 22587K, capacity 23244K, committed 23548K, reserved 1071104K
  class space    used 2634K, capacity 2805K, committed 2812K, reserved 1048576K
}
Event: 7.732 GC heap before
{Heap before GC invocations=9 (full 0):
 garbage-first heap   total 49152K, used 35069K [0x0000000780000000, 0x0000000800000000)
  region size 1024K, 17 young (17408K), 2 survivors (2048K)
 Metaspace       used 22587K, capacity 23244K, committed 23548K, reserved 1071104K
  class space    used 2634K, capacity 2805K, committed 2812K, reserved 1048576K
}
Event: 7.735 GC heap after
{Heap after GC invocations=10 (full 0):
 garbage-first heap   total 49152K, used 20633K [0x0000000780000000, 0x0000000800000000)
  region size 1024K, 2 young (2048K), 2 survivors (2048K)
 Metaspace       used 22587K, capacity 23244K, committed 23548K, reserved 1071104K
  class space    used 2634K, capacity 2805K, committed 2812K, reserved 1048576K
}
Event: 8.024 GC heap before
{Heap before GC invocations=10 (full 0):
 garbage-first heap   total 49152K, used 35993K [0x0000000780000000, 0x0000000800000000)
  region size 1024K, 17 young (17408K), 2 survivors (2048K)
 Metaspace       used 22975K, capacity 23610K, committed 23932K, reserved 1071104K
  class space    used 2676K, capacity 2904K, committed 2940K, reserved 1048576K
}
Event: 8.035 GC heap after
{Heap after GC invocations=11 (full 0):
 garbage-first heap   total 49152K, used 23024K [0x0000000780000000, 0x0000000800000000)
  region size 1024K, 3 young (3072K), 3 survivors (3072K)
 Metaspace       used 22975K, capacity 23610K, committed 23932K, reserved 1071104K
  class space    used 2676K, capacity 2904K, committed 2940K, reserved 1048576K
}
Event: 8.522 GC heap before
{Heap before GC invocations=11 (full 0):
 garbage-first heap   total 49152K, used 35312K [0x0000000780000000, 0x0000000800000000)
  region size 1024K, 16 young (16384K), 3 survivors (3072K)
 Metaspace       used 23465K, capacity 24062K, committed 24188K, reserved 1071104K
  class space    used 2706K, capacity 2925K, committed 2940K, reserved 1048576K
}
Event: 8.537 GC heap after
{Heap after GC invocations=12 (full 0):
 garbage-first heap   total 49152K, used 25589K [0x0000000780000000, 0x0000000800000000)
  region size 1024K, 2 young (2048K), 2 survivors (2048K)
 Metaspace       used 23465K, capacity 24062K, committed 24188K, reserved 1071104K
  class space    used 2706K, capacity 2925K, committed 2940K, reserved 1048576K
}

