# JRE version: Java(TM) SE Runtime Environment (14.0.1+7) (build 14.0.1+7)
# Java VM: Java HotSpot(TM) 64-Bit Server VM (14.0.1+7, mixed mode, sharing, tiered, compressed oops, g1 gc, bsd-amd64)
Heap:
 garbage-first heap   total 64512K, used 29343K [0x0000000780000000, 0x0000000800000000)
  region size 1024K, 4 young (4096K), 2 survivors (2048K)
 Metaspace       used 23576K, capacity 24204K, committed 24444K, reserved 1071104K
  class space    used 2710K, capacity 2929K, committed 2940K, reserved 1048576K
GC Heap History (20 events):
Event: 1.485 GC heap before
{Heap before GC invocations=1 (full 0):
 garbage-first heap   total 133120K, used 20720K [0x0000000780000000, 0x0000000800000000)
  region size 1024K, 19 young (19456K), 2 survivors (2048K)
 Metaspace       used 5730K, capacity 8238K, committed 8448K, reserved 1056768K
  class space    used 693K, capacity 960K, committed 1024K, reserved 1048576K
}
Event: 1.490 GC heap after
{Heap after GC invocations=2 (full 0):
 garbage-first heap   total 133120K, used 4003K [0x0000000780000000, 0x0000000800000000)
  region size 1024K, 1 young (1024K), 1 survivors (1024K)
 Metaspace       used 5730K, capacity 8238K, committed 8448K, reserved 1056768K
  class space    used 693K, capacity 960K, committed 1024K, reserved 1048576K
}
Event: 4.027 GC heap before
{Heap before GC invocations=2 (full 0):
 garbage-first heap   total 133120K, used 80803K [0x0000000780000000, 0x0000000800000000)
  region size 1024K, 76 young (77824K), 1 survivors (1024K)
 Metaspace       used 13352K, capacity 15160K, committed 15488K, reserved 1062912K
  class space    used 1555K, capacity 1800K, committed 1920K, reserved 1048576K
}
Event: 4.042 GC heap after
{Heap after GC invocations=3 (full 0):
 garbage-first heap   total 133120K, used 8238K [0x0000000780000000, 0x0000000800000000)
  region size 1024K, 5 young (5120K), 5 survivors (5120K)
 Metaspace       used 13352K, capacity 15160K, committed 15488K, reserved 1062912K
  class space    used 1555K, capacity 1800K, committed 1920K, reserved 1048576K
}
Event: 5.141 GC heap before
{Heap before GC invocations=3 (full 0):
 garbage-first heap   total 133120K, used 79918K [0x0000000780000000, 0x0000000800000000)
  region size 1024K, 76 young (77824K), 5 survivors (5120K)
 Metaspace       used 16196K, capacity 17705K, committed 18048K, reserved 1064960K
  class space    used 1863K, capacity 2101K, committed 2176K, reserved 1048576K
}
Event: 5.159 GC heap after
{Heap after GC invocations=4 (full 0):
 garbage-first heap   total 133120K, used 10989K [0x0000000780000000, 0x0000000800000000)
  region size 1024K, 8 young (8192K), 8 survivors (8192K)
 Metaspace       used 16196K, capacity 17705K, committed 18048K, reserved 1064960K
  class space    used 1863K, capacity 2101K, committed 2176K, reserved 1048576K
}
Event: 5.474 GC heap before
{Heap before GC invocations=4 (full 0):
 garbage-first heap   total 133120K, used 30445K [0x0000000780000000, 0x0000000800000000)
  region size 1024K, 29 young (29696K), 8 survivors (8192K)
 Metaspace       used 19695K, capacity 21004K, committed 21248K, reserved 1069056K
  class space    used 2312K, capacity 2523K, committed 2560K, reserved 1048576K
}
Event: 5.494 GC heap after
{Heap after GC invocations=5 (full 0):
 garbage-first heap   total 159744K, used 11629K [0x0000000780000000, 0x0000000800000000)
  region size 1024K, 4 young (4096K), 4 survivors (4096K)
 Metaspace       used 19695K, capacity 21004K, committed 21248K, reserved 1069056K
  class space    used 2312K, capacity 2523K, committed 2560K, reserved 1048576K
}
Event: 6.381 GC heap before
{Heap before GC invocations=6 (full 0):
 garbage-first heap   total 51200K, used 37229K [0x0000000780000000, 0x0000000800000000)
  region size 1024K, 30 young (30720K), 4 survivors (4096K)
 Metaspace       used 22674K, capacity 23309K, committed 23676K, reserved 1071104K
  class space    used 2634K, capacity 2804K, committed 2940K, reserved 1048576K
}
Event: 6.402 GC heap after
{Heap after GC invocations=7 (full 0):
 garbage-first heap   total 53248K, used 19761K [0x0000000780000000, 0x0000000800000000)
  region size 1024K, 4 young (4096K), 4 survivors (4096K)
 Metaspace       used 22674K, capacity 23309K, committed 23676K, reserved 1071104K
  class space    used 2634K, capacity 2804K, committed 2940K, reserved 1048576K
}
Event: 6.491 GC heap before
{Heap before GC invocations=7 (full 0):
 garbage-first heap   total 53248K, used 36145K [0x0000000780000000, 0x0000000800000000)
  region size 1024K, 21 young (21504K), 4 survivors (4096K)
 Metaspace       used 22677K, capacity 23311K, committed 23676K, reserved 1071104K
  class space    used 2635K, capacity 2806K, committed 2940K, reserved 1048576K
}
Event: 6.502 GC heap after
{Heap after GC invocations=8 (full 0):
 garbage-first heap   total 53248K, used 21346K [0x0000000780000000, 0x0000000800000000)
  region size 1024K, 1 young (1024K), 1 survivors (1024K)
 Metaspace       used 22677K, capacity 23311K, committed 23676K, reserved 1071104K
  class space    used 2635K, capacity 2806K, committed 2940K, reserved 1048576K
}
Event: 6.561 GC heap before
{Heap before GC invocations=8 (full 0):
 garbage-first heap   total 53248K, used 37730K [0x0000000780000000, 0x0000000800000000)
  region size 1024K, 18 young (18432K), 1 survivors (1024K)
 Metaspace       used 22678K, capacity 23311K, committed 23676K, reserved 1071104K
  class space    used 2635K, capacity 2806K, committed 2940K, reserved 1048576K
}
Event: 6.565 GC heap after
{Heap after GC invocations=9 (full 0):
 garbage-first heap   total 53248K, used 22198K [0x0000000780000000, 0x0000000800000000)
  region size 1024K, 2 young (2048K), 2 survivors (2048K)
 Metaspace       used 22678K, capacity 23311K, committed 23676K, reserved 1071104K
  class space    used 2635K, capacity 2806K, committed 2940K, reserved 1048576K
}
Event: 6.657 GC heap before
{Heap before GC invocations=9 (full 0):
 garbage-first heap   total 53248K, used 37558K [0x0000000780000000, 0x0000000800000000)
  region size 1024K, 18 young (18432K), 2 survivors (2048K)
 Metaspace       used 22692K, capacity 23311K, committed 23676K, reserved 1071104K
  class space    used 2635K, capacity 2806K, committed 2940K, reserved 1048576K
}
Event: 6.663 GC heap after
{Heap after GC invocations=10 (full 0):
 garbage-first heap   total 53248K, used 23301K [0x0000000780000000, 0x0000000800000000)
  region size 1024K, 3 young (3072K), 3 survivors (3072K)
 Metaspace       used 22692K, capacity 23311K, committed 23676K, reserved 1071104K
  class space    used 2635K, capacity 2806K, committed 2940K, reserved 1048576K
}
Event: 7.018 GC heap before
{Heap before GC invocations=10 (full 0):
 garbage-first heap   total 53248K, used 38661K [0x0000000780000000, 0x0000000800000000)
  region size 1024K, 18 young (18432K), 3 survivors (3072K)
 Metaspace       used 23304K, capacity 23918K, committed 24188K, reserved 1071104K
  class space    used 2705K, capacity 2922K, committed 2940K, reserved 1048576K
}
Event: 7.028 GC heap after
{Heap after GC invocations=11 (full 0):
 garbage-first heap   total 53248K, used 25733K [0x0000000780000000, 0x0000000800000000)
  region size 1024K, 3 young (3072K), 3 survivors (3072K)
 Metaspace       used 23304K, capacity 23918K, committed 24188K, reserved 1071104K
  class space    used 2705K, capacity 2922K, committed 2940K, reserved 1048576K
}
Event: 7.306 GC heap before
{Heap before GC invocations=11 (full 0):
 garbage-first heap   total 53248K, used 39045K [0x0000000780000000, 0x0000000800000000)
  region size 1024K, 16 young (16384K), 3 survivors (3072K)
 Metaspace       used 23545K, capacity 24201K, committed 24444K, reserved 1071104K
  class space    used 2709K, capacity 2928K, committed 2940K, reserved 1048576K
}
Event: 7.322 GC heap after
{Heap after GC invocations=12 (full 0):
 garbage-first heap   total 64512K, used 28319K [0x0000000780000000, 0x0000000800000000)
  region size 1024K, 2 young (2048K), 2 survivors (2048K)
 Metaspace       used 23545K, capacity 24201K, committed 24444K, reserved 1071104K
  class space    used 2709K, capacity 2928K, committed 2940K, reserved 1048576K
}

